<recording-proxy-config>
  <proxy-port>8188</proxy-port>
  <output-file>testOutputFile.xml</output-file>

  <!-- inclusion or exclusion format is as follows. 
    check = the part o f the transaction to check. must be 
        both, (default) 
        request, 
        response 
    header = the header name to check. can be 
        all, (default) 
        path, 
        <actual header name> (e.g. Content-Type) 
    match = the type of match. can be 
        contains, (default) 
        equals, 
        startsWith, 
        endsWith, 
        notContains, 
        notEquals, 
        notStartsWith, 
        notEndsWith 
    E.G. 
    <rule check="request" header="host" match="contains">mycompany.com</rule> <rule check="response" header="content-type" 
    match="contains">image</rule> 
    -->

  <!-- Transactions that match the following will be included in ooutput. if no inclusions are specified all transactions 
    are included -->
  <inclusions>
    <rule check="response" header="content-type" match="contains">inclusions-image</rule>
  </inclusions>

  <!-- Transactions that match the following will be excluded from output -->
  <exclusions>
    <rule check="response" header="content-type" match="contains">exclusions-image</rule>
    <rule check="request" header="path" match="equals">/bogusPath</rule>
    <rule check="both" header="content-type" match="equals">/pdf</rule>

  </exclusions>

  <!-- Transactions that match the following will have the complete body of the response included in output. if no inclusions 
    are specified all transactions are included -->
  <body-inclusions>
    <rule check="response" header="content-type" match="contains">body-inclusion-image</rule>
  </body-inclusions>

  <!-- Transactions that match the following will have the complete body of the response excluded from output. if no inclusions 
    are specified all transactions are included -->
  <body-exclusions>
    <rule check="response" header="content-type" match="contains">body-exclusions-image</rule>
  </body-exclusions>

</recording-proxy-config>